7/18/2019 1:57:41 PM	This log contains information about the import schema operation into project 'PWoLi.Database' on computer 'LX-D8ZGXST2' by user 'x224388'.
7/18/2019 1:57:41 PM	Import of database schema has started.
7/18/2019 1:57:46 PM	Gathering database options
7/18/2019 1:57:46 PM	Gathering users
7/18/2019 1:57:46 PM	Gathering roles
7/18/2019 1:57:46 PM	Gathering application roles
7/18/2019 1:57:46 PM	Gathering role memberships
7/18/2019 1:57:46 PM	Gathering filegroups
7/18/2019 1:57:46 PM	Gathering full-text catalogs
7/18/2019 1:57:46 PM	Gathering assemblies
7/18/2019 1:57:46 PM	Gathering certificates
7/18/2019 1:57:46 PM	Gathering asymmetric keys
7/18/2019 1:57:46 PM	Gathering symmetric keys
7/18/2019 1:57:46 PM	Gathering encrypted symmetric keys
7/18/2019 1:57:46 PM	Gathering schemas
7/18/2019 1:57:46 PM	Gathering XML schema collections
7/18/2019 1:57:46 PM	Gathering user-defined data types
7/18/2019 1:57:46 PM	Gathering user-defined types
7/18/2019 1:57:46 PM	Gathering table types
7/18/2019 1:57:46 PM	Gathering unique keys for table types
7/18/2019 1:57:46 PM	Gathering primary keys for table types
7/18/2019 1:57:46 PM	Gathering check constraints for table types
7/18/2019 1:57:46 PM	Gathering default constraints for table types
7/18/2019 1:57:46 PM	Gathering partition functions
7/18/2019 1:57:46 PM	Gathering partition schemes
7/18/2019 1:57:46 PM	Gathering functions
7/18/2019 1:57:46 PM	Gathering encrypted functions
7/18/2019 1:57:46 PM	Gathering aggregates
7/18/2019 1:57:46 PM	Gathering procedures
7/18/2019 1:57:46 PM	Gathering encrypted procedures
7/18/2019 1:57:46 PM	Gathering tables
7/18/2019 1:57:46 PM	Gathering primary keys
7/18/2019 1:57:46 PM	Gathering unique constraints
7/18/2019 1:57:46 PM	Gathering foreign keys
7/18/2019 1:57:46 PM	Gathering default constraints
7/18/2019 1:57:46 PM	Gathering check constraints
7/18/2019 1:57:46 PM	Gathering views
7/18/2019 1:57:46 PM	Gathering encrypted views
7/18/2019 1:57:46 PM	Gathering indexes
7/18/2019 1:57:46 PM	Gathering statistics
7/18/2019 1:57:46 PM	Gathering full-text index stoplists
7/18/2019 1:57:46 PM	Gathering search property lists
7/18/2019 1:57:46 PM	Gathering search properties
7/18/2019 1:57:46 PM	Gathering full-text indexes
7/18/2019 1:57:46 PM	Gathering column store indexes
7/18/2019 1:57:46 PM	Gathering spatial indexes
7/18/2019 1:57:46 PM	Gathering XML indexes
7/18/2019 1:57:46 PM	Gathering encrypted triggers
7/18/2019 1:57:46 PM	Gathering triggers
7/18/2019 1:57:46 PM	Gathering encrypted and clr ddl triggers
7/18/2019 1:57:46 PM	Gathering ddl triggers
7/18/2019 1:57:46 PM	Gathering synonyms
7/18/2019 1:57:46 PM	Gathering defaults
7/18/2019 1:57:46 PM	Gathering data constraint uddt bindings
7/18/2019 1:57:46 PM	Gathering rules
7/18/2019 1:57:46 PM	Gathering data constraint uddt bindings
7/18/2019 1:57:46 PM	Gathering message types
7/18/2019 1:57:46 PM	Gathering queues
7/18/2019 1:57:46 PM	Gathering contracts
7/18/2019 1:57:46 PM	Gathering services
7/18/2019 1:57:46 PM	Gathering event notifications
7/18/2019 1:57:46 PM	Gathering remote service bindings
7/18/2019 1:57:46 PM	Gathering broker priorities
7/18/2019 1:57:46 PM	Gathering signatures
7/18/2019 1:57:46 PM	Gathering data compression options
7/18/2019 1:57:46 PM	Gathering sequence types
7/18/2019 1:57:46 PM	Gathering extended properties
7/18/2019 1:57:47 PM	Gathering credentials
7/18/2019 1:57:47 PM	Gathering logins
7/18/2019 1:57:47 PM	Gathering server audits
7/18/2019 1:57:47 PM	Scanning project for duplicate elements
7/18/2019 1:57:47 PM	Finished duplicate element processing
7/18/2019 1:57:47 PM	Finished importing database.
7/18/2019 1:57:47 PM	A summary of the import was saved to the following location: C:\Git\Test\PWoLi\PWoLi.Database\Import Schema Logs\PWoLi.Database_20190718125741.log
7/18/2019 1:57:47 PM	Click Finish to continue...
